<?xml version="1.0" encoding="UTF-8"?>
<!-- Generated by org.testng.reporters.JUnitReportReporter -->
<testsuite hostname="AjayR" failures="0" tests="1" name="com.testng.java.WebTest" time="2.963" errors="0" timestamp="2022-07-10T00:47:11 IST" skipped="0">
  <testcase classname="com.testng.java.WebTest" name="one" time="2.963"/>
  <system-out/>
</testsuite> <!-- com.testng.java.WebTest -->
